2017_5 121 517 487 2.32 2.58
2018_1 104 506 485 2.26 2.51
2014_5 128 544 531 2.41 2.67
2010_1 105 438 429 2.33 2.59
2010_6 116 537 528 2.27 2.53
2014_4 109 462 431 2.57 2.82
2016_5 117 535 512 2.46 2.73
2018_5 92 421 412 2.56 2.79
2010_3 117 513 501 2.24 2.47
2014_1 103 442 413 2.48 2.73
2012_4 123 477 452 2.35 2.60
2014_3 112 502 486 2.20 2.44
2012_8 120 546 522 2.52 2.75
2015_6 105 501 450 2.81 3.03
2017_7 118 482 436 2.41 2.66
2012_1 110 512 486 2.49 2.73
2015_9 97 386 386 2.26 2.52
2012_3 108 416 405 2.37 2.62
2015_4 107 519 500 2.37 2.62
2019_2 106 488 465 2.25 2.52
2013_1 111 508 493 2.58 2.81
2014_9 100 450 420 2.56 2.79
2014_7 119 495 484 2.36 2.61
2011_6 116 500 477 2.58 2.82
2016_3 99 396 365 2.31 2.53
2011_9 126 588 570 2.77 3.00
2010_2 106 463 447 2.34 2.58
2019_8 95 416 404 2.56 2.76
2013_7 102 491 444 2.23 2.50
2010_5 106 508 464 2.45 2.68
2011_5 121 545 523 2.30 2.55
2014_6 106 510 481 2.22 2.44
2019_6 115 476 449 2.32 2.56
2019_1 107 451 424 2.37 2.62
2015_3 112 527 503 2.27 2.51
2011_4 112 495 477 2.31 2.56
2016_7 129 572 546 2.24 2.49
2013_9 96 422 395 2.26 2.50
2015_2 105 527 510 2.53 2.76
2018_7 105 452 440 2.44 2.67
2016_4 138 620 613 2.57 2.80
2011_8 102 446 424 2.60 2.83
2014_2 106 511 457 2.46 2.71
2013_6 116 536 518 2.58 2.81
2013_4 116 575 554 2.39 2.61
2018_6 104 440 420 2.47 2.73
2019_4 116 563 533 2.18 2.39
2018_8 99 467 410 2.50 2.75
2017_8 135 623 601 2.57 2.81
2017_1 104 421 405 2.47 2.70
2015_8 113 485 471 2.26 2.49
2015_1 117 547 516 2.64 2.89
2017_2 116 491 480 2.21 2.45
2013_5 106 484 479 2.17 2.45
2011_1 117 540 529 2.49 2.71
2012_7 123 602 588 2.49 2.73
2012_5 121 527 499 2.24 2.50
2017_6 120 583 543 2.47 2.71
2016_9 102 489 465 2.35 2.58
2010_8 128 557 523 2.38 2.65
2018_3 111 511 478 2.45 2.70
2015_5 117 508 496 2.35 2.61
2010_9 95 445 439 2.42 2.65
2019_7 114 533 513 2.38 2.61
2018_4 101 451 432 2.43 2.66
2010_4 114 471 443 2.31 2.60
2011_2 107 501 483 2.43 2.68
2016_8 116 561 541 2.34 2.56
2019_3 106 471 459 2.46 2.71
2016_2 124 528 506 2.42 2.70
2012_9 101 465 431 2.43 2.69
2014_8 108 513 485 2.41 2.65
2011_7 116 518 492 2.53 2.75
2016_1 103 423 395 2.53 2.78
2015_7 104 489 464 2.52 2.79
2011_3 108 517 487 2.52 2.77
2018_9 108 468 441 2.61 2.88
2016_6 117 515 492 2.45 2.67
2012_6 109 467 456 2.33 2.58
2013_2 103 511 483 2.32 2.53
2018_2 106 451 437 2.17 2.42
2010_7 104 461 442 2.27 2.48
2017_9 121 524 513 2.56 2.79
2017_3 108 498 474 2.38 2.62
2012_2 115 560 538 1.95 2.18
2013_8 105 429 415 2.48 2.75
2013_3 122 664 616 2.25 2.52
2017_4 112 531 501 2.51 2.76
2019_9 104 521 511 2.39 2.63
2019_5 116 585 560 2.57 2.82
90 10000 45133 43084 2.41 2.65
