2019_1 3 3 3 1.63 2.03
2019_8 2 6 6 4.00 4.00
2016_3 1 3 3 2.70 3.00
2011_7 4 24 24 1.04 1.15
2014_4 2 3 3 3.70 4.00
2011_4 1 0 0 -1.00 -1.00
2015_6 3 3 3 1.77 2.10
2015_4 3 25 25 3.02 3.32
2010_1 3 11 11 1.82 2.12
2018_9 1 2 2 3.70 4.00
2012_2 4 19 19 3.09 3.33
2018_8 2 1 1 4.00 4.00
2018_6 2 2 2 3.00 3.30
2012_7 4 20 20 2.62 2.83
2015_1 1 6 6 3.30 3.60
2014_1 1 2 2 0.00 0.00
2015_5 1 9 9 3.00 3.30
2017_8 1 1 1 1.00 1.30
2011_9 1 9 9 3.30 3.60
2017_1 1 7 0 -1.00 -1.00
2014_2 1 4 4 3.00 3.30
2015_7 1 2 2 1.30 1.70
2011_3 2 8 3 2.70 3.00
2017_4 1 8 8 3.30 3.60
2014_8 1 0 0 -1.00 -1.00
2015_8 2 6 6 2.53 2.83
2018_2 1 8 8 1.70 2.00
2013_7 1 3 3 2.30 2.70
2010_2 1 5 5 3.00 3.30
2013_9 2 6 6 1.90 2.20
2012_8 1 9 9 2.00 2.30
2016_7 1 3 3 1.00 1.30
2014_5 1 3 3 2.70 3.00
2012_9 2 13 13 0.92 1.02
2012_5 2 7 7 3.67 3.71
2019_7 3 12 12 2.86 3.18
2017_9 2 10 10 3.49 3.61
2011_2 2 13 13 2.95 3.20
2016_5 1 0 0 -1.00 -1.00
2018_3 1 8 8 1.00 1.30
2014_6 1 3 3 2.00 2.30
2014_7 2 5 5 2.30 2.70
2017_2 2 6 6 0.67 0.77
2012_3 2 8 8 1.70 2.00
2015_3 1 0 0 -1.00 -1.00
2013_6 3 11 11 2.67 2.97
2019_9 2 2 2 2.30 2.70
2011_6 1 2 2 1.30 1.70
2011_8 2 9 9 1.14 1.46
2018_4 1 3 3 3.70 4.00
2013_3 1 3 3 4.00 4.00
2017_5 1 2 2 1.00 1.30
2016_2 1 7 7 2.00 2.30
2012_1 1 3 3 3.70 4.00
2019_2 1 5 5 2.00 2.30
2011_1 1 5 5 1.30 1.70
2010_6 1 1 1 1.00 1.30
2016_6 1 9 9 1.00 1.30
2017_7 1 7 7 1.00 1.30
2015_2 1 6 6 3.00 3.30
2010_9 1 9 9 1.70 2.00
2010_4 1 5 5 2.00 2.30
2017_3 1 7 7 1.00 1.30
63 100 402 390 2.28 2.54
