2014_5 113 506 471 2.64 2.83
2018_3 108 509 483 2.43 2.65
2013_6 104 468 446 2.35 2.59
2018_6 103 422 404 2.53 2.74
2010_8 103 412 402 2.20 2.41
2019_3 115 506 471 2.10 2.33
2018_8 111 505 480 2.43 2.67
2013_1 117 509 494 2.19 2.38
2015_6 98 427 400 2.22 2.43
2015_7 90 376 353 2.25 2.47
2019_2 121 501 483 2.33 2.57
2011_3 109 487 466 2.44 2.67
2011_4 102 460 450 2.34 2.57
2018_1 107 501 476 2.40 2.62
2017_1 117 546 525 2.53 2.72
2014_7 115 560 525 2.47 2.70
2015_3 123 501 470 2.51 2.74
2010_4 119 566 544 2.61 2.84
2014_2 97 466 458 2.33 2.56
2011_9 122 575 535 2.38 2.59
2015_9 132 587 575 2.65 2.85
2012_4 108 487 460 2.37 2.57
2019_1 103 496 463 2.66 2.88
2010_3 123 547 520 2.44 2.65
2016_5 126 558 547 2.56 2.79
2013_7 111 491 470 2.50 2.72
2012_2 111 519 503 2.41 2.65
2019_5 97 437 421 2.32 2.55
2015_4 103 484 454 2.32 2.52
2015_2 112 441 421 2.55 2.76
2015_8 101 440 410 2.42 2.66
2014_8 100 425 379 2.31 2.54
2012_9 95 468 435 2.11 2.32
2012_5 121 605 571 2.57 2.80
2016_6 107 455 436 2.44 2.69
2010_9 93 423 401 2.44 2.65
2012_1 115 486 470 2.62 2.84
2019_6 103 507 499 2.48 2.70
2013_9 91 401 388 2.57 2.81
2017_3 120 545 512 2.57 2.80
2016_1 102 385 368 2.18 2.40
2017_5 114 504 501 2.44 2.66
2014_4 115 505 489 2.55 2.75
2010_2 106 508 498 2.33 2.58
2019_4 113 501 475 2.43 2.65
2019_7 108 458 428 2.66 2.88
2013_4 120 517 478 2.38 2.61
2014_1 97 417 394 2.41 2.66
2014_6 131 612 550 2.56 2.78
2017_2 121 535 494 2.51 2.71
2017_8 118 590 575 2.55 2.78
2018_7 102 460 434 2.36 2.58
2010_1 114 540 494 2.36 2.58
2019_8 126 552 525 2.73 2.94
2014_9 109 466 451 2.42 2.67
2013_5 121 519 472 2.47 2.69
2010_5 116 549 537 2.41 2.64
2013_3 115 513 488 2.29 2.53
2011_2 112 518 498 2.58 2.82
2016_3 127 515 483 2.32 2.53
2011_7 131 622 586 2.41 2.66
2016_7 113 546 529 2.51 2.73
2018_9 128 565 550 2.39 2.60
2011_6 91 413 395 2.26 2.49
2014_3 103 423 388 2.64 2.84
2012_8 113 537 518 2.46 2.64
2018_2 95 468 452 2.44 2.66
2012_7 111 487 479 2.35 2.57
2017_4 119 567 533 2.65 2.87
2012_3 108 470 451 2.57 2.77
2019_9 115 495 464 2.32 2.56
2018_4 93 402 377 2.32 2.57
2013_2 106 487 451 2.33 2.56
2012_6 97 470 444 2.74 2.98
2011_1 123 582 556 2.46 2.70
2016_2 94 409 393 2.46 2.69
2010_6 108 469 460 2.41 2.63
2016_4 125 562 524 2.34 2.57
2011_8 115 510 483 2.45 2.68
2017_6 125 549 536 2.27 2.50
2015_1 119 538 494 2.50 2.73
2017_7 114 515 492 2.50 2.71
2015_5 122 582 542 2.47 2.67
2018_5 103 477 456 2.61 2.82
2016_8 126 581 544 2.48 2.72
2011_5 111 465 427 2.33 2.58
2010_7 99 445 410 2.41 2.63
2013_8 125 550 527 2.22 2.43
2017_9 105 473 443 2.44 2.66
2016_9 110 546 509 2.56 2.80
90 10000 44974 42716 2.44 2.66
