2017_9 11 58 58 2.72 3.02
2010_7 10 37 30 2.75 2.95
2014_8 10 43 41 1.79 2.04
2017_7 9 41 41 2.91 3.15
2016_3 18 79 79 2.40 2.67
2016_1 9 47 47 2.16 2.37
2019_4 14 63 63 2.55 2.77
2014_3 7 34 34 2.01 2.26
2015_8 11 31 27 2.13 2.41
2014_4 12 75 75 1.82 2.02
2016_5 18 90 90 2.44 2.70
2013_2 10 56 56 2.72 2.99
2015_5 13 77 69 2.40 2.60
2011_4 15 62 62 2.14 2.38
2011_8 11 42 42 2.80 3.02
2019_8 15 62 62 2.52 2.70
2013_3 16 69 69 2.52 2.73
2018_9 8 35 35 2.28 2.47
2016_2 6 33 33 2.31 2.42
2017_8 11 55 49 2.73 2.93
2019_2 10 35 35 3.16 3.29
2013_9 12 52 52 2.64 2.90
2012_1 12 55 55 1.60 1.84
2015_6 13 57 53 2.61 2.76
2010_1 12 48 46 2.50 2.76
2010_8 16 72 72 2.92 3.11
2018_2 10 49 48 2.86 3.10
2016_6 8 36 36 2.16 2.46
2015_4 11 55 55 2.40 2.59
2013_1 12 50 50 2.05 2.26
2014_7 13 72 72 2.28 2.43
2011_3 15 65 65 2.04 2.26
2013_6 16 83 81 2.25 2.44
2014_2 6 27 24 2.96 3.25
2018_1 12 46 46 2.66 2.92
2019_7 12 60 51 2.49 2.71
2010_5 11 46 46 1.62 1.86
2012_8 9 29 29 3.38 3.61
2012_4 10 46 46 3.30 3.54
2012_9 13 67 61 1.72 2.02
2010_9 15 68 68 2.64 2.89
2015_2 11 43 43 2.07 2.30
2010_2 10 45 45 2.02 2.18
2018_8 5 26 26 1.48 1.70
2017_3 8 26 26 2.28 2.42
2017_4 8 41 41 2.84 3.14
2012_3 12 57 34 2.68 2.94
2017_2 12 44 40 2.84 3.08
2015_1 10 53 53 2.51 2.67
2012_5 8 25 21 1.72 2.01
2011_1 11 45 38 2.91 3.21
2012_2 17 78 67 2.69 2.92
2014_6 18 76 64 1.91 2.21
2019_1 13 56 46 3.40 3.59
2013_5 10 52 52 2.86 3.03
2014_5 12 55 55 2.31 2.61
2014_9 10 64 64 3.04 3.13
2012_7 11 41 41 2.46 2.69
2017_6 8 32 32 1.98 2.23
2019_9 13 52 48 1.92 2.16
2016_7 13 58 58 3.05 3.28
2015_9 10 52 52 1.99 2.27
2019_5 10 56 47 1.01 1.20
2019_3 8 19 19 3.10 3.24
2011_7 11 44 44 3.42 3.61
2018_5 12 36 36 1.91 2.20
2012_6 9 28 28 2.34 2.61
2011_5 6 7 7 2.99 3.29
2015_3 14 66 53 2.55 2.79
2010_4 10 41 41 2.63 2.88
2019_6 12 76 76 2.46 2.76
2018_4 9 41 41 2.86 3.08
2018_7 7 34 34 2.95 3.18
2013_4 11 43 43 1.83 2.01
2010_3 10 47 47 2.00 2.22
2011_9 8 34 25 2.44 2.70
2015_7 11 62 55 2.06 2.33
2018_3 14 70 55 2.53 2.72
2014_1 10 63 63 1.50 1.65
2016_8 12 52 42 1.76 1.92
2010_6 8 18 18 2.76 2.96
2017_1 13 49 49 2.56 2.77
2013_7 7 37 36 2.03 2.33
2016_4 12 60 51 1.45 1.70
2011_6 9 26 24 1.30 1.50
2017_5 13 60 58 2.29 2.53
2013_8 7 23 23 1.97 2.25
2016_9 15 54 43 2.67 2.90
2011_2 13 63 63 2.50 2.78
2018_6 7 29 29 2.64 2.82
90 1000 4466 4249 2.39 2.62
