2010_4 8 40 40 2.08 2.33
2014_4 7 20 20 2.98 3.14
2016_9 16 60 60 2.12 2.28
2019_8 14 72 63 3.02 3.23
2016_3 12 56 56 2.87 3.14
2013_5 21 108 108 2.45 2.71
2010_5 13 53 39 2.23 2.53
2014_7 11 58 58 3.16 3.37
2010_8 14 62 59 2.32 2.62
2016_7 19 90 86 1.88 2.09
2012_6 11 71 63 2.35 2.61
2017_7 15 68 68 1.78 2.00
2010_6 11 29 29 2.61 2.90
2012_4 10 43 41 3.12 3.25
2011_8 12 53 49 2.71 2.93
2019_1 23 95 93 3.02 3.20
2016_8 9 40 33 2.78 3.01
2010_9 13 74 66 1.82 2.09
2019_4 15 52 52 2.79 2.99
2016_6 13 57 54 2.85 3.09
2019_9 10 41 40 1.85 1.96
2012_5 11 55 55 2.63 2.82
2010_2 8 52 52 3.48 3.63
2017_9 16 71 70 2.56 2.79
2010_3 17 60 56 1.89 2.18
2014_5 10 41 32 3.01 3.26
2018_5 14 62 58 2.38 2.63
2011_4 7 21 13 2.30 2.60
2011_1 13 45 44 1.95 2.25
2012_8 12 65 60 2.48 2.70
2016_1 19 91 83 2.29 2.56
2016_5 13 61 61 2.76 2.94
2014_6 16 78 68 2.40 2.69
2018_7 11 43 43 3.03 3.29
2013_3 9 35 29 2.52 2.82
2015_1 8 39 39 2.69 2.93
2012_7 7 35 35 2.39 2.63
2015_4 10 57 57 2.92 3.16
2011_6 10 38 32 1.66 1.90
2017_8 9 46 46 2.45 2.74
2013_7 16 84 84 3.11 3.31
2019_2 16 78 70 2.45 2.67
2013_9 12 52 52 3.01 3.22
2013_6 13 67 67 2.26 2.50
2019_7 11 36 31 1.75 2.05
2014_2 8 38 38 2.67 2.94
2011_2 7 32 32 1.89 2.19
2016_2 11 48 46 2.48 2.71
2017_5 11 48 48 2.50 2.80
2014_3 8 40 34 2.98 3.21
2015_9 19 72 72 2.26 2.45
2015_5 13 51 51 2.56 2.83
2017_2 9 39 38 2.72 2.89
2018_9 11 56 56 2.34 2.55
2017_6 8 39 39 2.45 2.69
2018_2 8 35 35 2.37 2.67
2015_8 7 36 36 1.81 2.03
2015_3 11 62 62 2.49 2.72
2014_8 11 52 52 2.23 2.53
2014_1 18 76 70 2.46 2.76
2017_1 5 35 29 2.71 2.92
2012_1 11 50 50 2.23 2.44
2012_3 7 27 27 3.17 3.37
2019_3 19 75 75 3.06 3.19
2017_4 11 58 58 2.47 2.72
2017_3 11 73 73 2.49 2.64
2011_7 12 61 61 2.97 3.20
2018_6 11 49 43 2.68 2.91
2010_1 13 75 75 2.73 2.99
2015_6 8 46 46 3.00 3.19
2011_9 13 67 63 2.50 2.77
2018_4 10 63 63 1.72 1.98
2011_5 13 68 68 2.28 2.58
2018_8 7 16 16 2.33 2.58
2016_4 10 38 38 2.15 2.40
2011_3 7 34 34 1.34 1.58
2015_2 8 46 46 2.62 2.92
2019_6 10 48 48 2.65 2.89
2013_2 5 18 11 2.04 2.34
2013_8 10 43 40 2.24 2.45
2014_9 10 54 54 2.07 2.33
2018_3 6 37 37 2.85 3.01
2019_5 9 38 25 2.19 2.26
2012_2 3 6 6 1.80 2.00
2013_4 8 45 45 2.52 2.74
2018_1 10 39 39 2.66 2.89
2012_9 9 31 31 1.46 1.49
2010_7 9 59 59 2.09 2.39
2013_1 5 30 30 2.51 2.81
2015_7 5 11 11 3.51 3.62
90 1000 4618 4424 2.48 2.72
