2016_5 2 0 0 -1.00 -1.00
2018_4 1 5 5 4.00 4.00
2011_8 1 5 5 3.70 4.00
2015_3 2 15 15 2.93 3.09
2011_5 2 10 9 0.00 0.00
2011_4 2 12 12 2.33 2.33
2016_4 1 5 5 3.70 4.00
2010_4 2 1 1 1.30 1.70
2010_7 2 4 4 4.00 4.00
2015_6 4 17 11 2.30 2.70
2019_8 2 10 10 1.00 1.30
2016_6 2 6 6 3.35 3.50
2014_1 3 6 6 3.70 4.00
2012_5 3 13 13 3.08 3.22
2018_7 2 8 8 1.39 1.50
2019_9 2 10 10 3.02 3.32
2012_6 2 6 6 1.70 2.00
2017_9 1 5 5 3.70 4.00
2013_4 3 3 3 3.77 3.87
2013_1 2 12 12 2.85 3.15
2014_5 1 7 7 3.30 3.60
2016_2 2 8 8 2.00 2.30
2012_2 3 7 7 2.40 2.70
2017_5 2 3 3 1.70 2.00
2012_8 1 1 1 2.00 2.30
2011_7 3 25 25 2.92 3.17
2017_3 2 8 8 2.25 2.48
2018_1 1 4 4 3.70 4.00
2010_2 1 9 9 2.70 3.00
2014_6 2 15 15 1.73 1.87
2018_5 1 0 0 -1.00 -1.00
2014_4 2 11 7 2.70 3.00
2013_9 1 8 8 1.30 1.70
2018_8 1 3 3 1.00 1.30
2012_1 1 5 5 2.30 2.70
2014_7 1 1 1 0.00 0.00
2013_7 1 4 4 3.70 4.00
2013_8 1 2 2 3.00 3.30
2015_5 3 11 11 2.83 3.11
2019_5 3 5 3 2.30 2.70
2011_1 1 2 2 2.00 2.30
2015_9 1 0 0 -1.00 -1.00
2018_9 2 17 17 1.16 1.51
2016_7 1 5 5 2.70 3.00
2015_2 1 7 7 2.00 2.30
2017_7 1 5 5 1.30 1.70
2010_1 1 0 0 -1.00 -1.00
2010_5 3 22 22 3.17 3.47
2016_3 1 9 0 -1.00 -1.00
2017_8 1 9 9 2.70 3.00
2015_8 1 3 3 2.30 2.70
2019_1 1 5 5 1.30 1.70
2013_6 1 0 0 -1.00 -1.00
2017_6 1 2 2 2.00 2.30
2019_2 1 5 5 0.00 0.00
2017_1 1 5 5 3.30 3.60
2013_2 2 17 17 0.61 0.80
2012_3 1 8 8 3.00 3.30
2015_4 1 7 7 1.30 1.70
2012_7 1 9 9 3.00 3.30
2012_4 1 7 7 3.30 3.60
2011_2 1 9 9 2.00 2.30
62 100 443 421 2.37 2.63
